<?xml version="1.0" encoding="UTF-8"?>
<robot generator="Robot 3.2.1 (Python 3.8.3 on win32)" generated="20200702 13:45:30.083" rpa="false">
<suite id="s1" name="Title" source="c:\qaninja\robot\web\title.robot">
<test id="s1-t1" name="Marcar checkbox com ID">
<kw name="Open Browser" library="SeleniumLibrary">
<doc>Opens a new browser instance to the optional ``url``.</doc>
<arguments>
<arg>${url}</arg>
<arg>chrome</arg>
</arguments>
<msg timestamp="20200702 13:45:30.360" level="INFO">Opening browser 'chrome' to base url 'https://training-wheels-protocol.herokuapp.com/'.</msg>
<status status="PASS" starttime="20200702 13:45:30.360" endtime="20200702 13:45:35.264"></status>
</kw>
<kw name="Go To" library="SeleniumLibrary">
<doc>Navigates the current browser window to the provided ``url``.</doc>
<arguments>
<arg>${url}/checkboxes</arg>
</arguments>
<msg timestamp="20200702 13:45:35.265" level="INFO">Opening url 'https://training-wheels-protocol.herokuapp.com//checkboxes'</msg>
<status status="PASS" starttime="20200702 13:45:35.264" endtime="20200702 13:45:35.492"></status>
</kw>
<kw name="Select Checkbox" library="SeleniumLibrary">
<doc>Selects the checkbox identified by ``locator``.</doc>
<arguments>
<arg>id:thor</arg>
</arguments>
<msg timestamp="20200702 13:45:35.493" level="INFO">Selecting checkbox 'id:thor'.</msg>
<status status="PASS" starttime="20200702 13:45:35.493" endtime="20200702 13:45:35.582"></status>
</kw>
<kw name="Checkbox Should Be Selected" library="SeleniumLibrary">
<doc>Verifies checkbox ``locator`` is selected/checked.</doc>
<arguments>
<arg>id:thor</arg>
</arguments>
<msg timestamp="20200702 13:45:35.583" level="INFO">Verifying checkbox 'id:thor' is selected.</msg>
<status status="PASS" starttime="20200702 13:45:35.583" endtime="20200702 13:45:35.604"></status>
</kw>
<kw name="Sleep" library="BuiltIn">
<doc>Pauses the test executed for the given time.</doc>
<arguments>
<arg>5</arg>
</arguments>
<msg timestamp="20200702 13:45:40.606" level="INFO">Slept 5 seconds</msg>
<status status="PASS" starttime="20200702 13:45:35.604" endtime="20200702 13:45:40.606"></status>
</kw>
<kw name="Close Browser" library="SeleniumLibrary">
<doc>Closes the current browser.</doc>
<status status="PASS" starttime="20200702 13:45:40.607" endtime="20200702 13:45:43.471"></status>
</kw>
<status status="PASS" starttime="20200702 13:45:30.359" endtime="20200702 13:45:43.472" critical="yes"></status>
</test>
<test id="s1-t2" name="Marcar checkbox com CSS">
<kw name="Open Browser" library="SeleniumLibrary">
<doc>Opens a new browser instance to the optional ``url``.</doc>
<arguments>
<arg>${url}</arg>
<arg>chrome</arg>
</arguments>
<msg timestamp="20200702 13:45:43.475" level="INFO">Opening browser 'chrome' to base url 'https://training-wheels-protocol.herokuapp.com/'.</msg>
<status status="PASS" starttime="20200702 13:45:43.475" endtime="20200702 13:45:49.501"></status>
</kw>
<kw name="Go To" library="SeleniumLibrary">
<doc>Navigates the current browser window to the provided ``url``.</doc>
<arguments>
<arg>${url}/checkboxes</arg>
</arguments>
<msg timestamp="20200702 13:45:49.502" level="INFO">Opening url 'https://training-wheels-protocol.herokuapp.com//checkboxes'</msg>
<status status="PASS" starttime="20200702 13:45:49.502" endtime="20200702 13:45:49.738"></status>
</kw>
<kw name="Select Checkbox" library="SeleniumLibrary">
<doc>Selects the checkbox identified by ``locator``.</doc>
<arguments>
<arg>css:input[value='iron-man']</arg>
</arguments>
<msg timestamp="20200702 13:45:49.739" level="INFO">Selecting checkbox 'css:input[value='iron-man']'.</msg>
<status status="PASS" starttime="20200702 13:45:49.739" endtime="20200702 13:45:49.827"></status>
</kw>
<kw name="Checkbox Should Be Selected" library="SeleniumLibrary">
<doc>Verifies checkbox ``locator`` is selected/checked.</doc>
<arguments>
<arg>css:input[value='iron-man']</arg>
</arguments>
<msg timestamp="20200702 13:45:49.828" level="INFO">Verifying checkbox 'css:input[value='iron-man']' is selected.</msg>
<status status="PASS" starttime="20200702 13:45:49.828" endtime="20200702 13:45:49.849"></status>
</kw>
<kw name="Sleep" library="BuiltIn">
<doc>Pauses the test executed for the given time.</doc>
<arguments>
<arg>5</arg>
</arguments>
<msg timestamp="20200702 13:45:54.850" level="INFO">Slept 5 seconds</msg>
<status status="PASS" starttime="20200702 13:45:49.849" endtime="20200702 13:45:54.850"></status>
</kw>
<kw name="Close Browser" library="SeleniumLibrary">
<doc>Closes the current browser.</doc>
<status status="PASS" starttime="20200702 13:45:54.851" endtime="20200702 13:45:57.809"></status>
</kw>
<status status="PASS" starttime="20200702 13:45:43.474" endtime="20200702 13:45:57.809" critical="yes"></status>
</test>
<status status="PASS" starttime="20200702 13:45:30.087" endtime="20200702 13:45:57.812"></status>
</suite>
<statistics>
<total>
<stat pass="2" fail="0">Critical Tests</stat>
<stat pass="2" fail="0">All Tests</stat>
</total>
<tag>
</tag>
<suite>
<stat pass="2" fail="0" id="s1" name="Title">Title</stat>
</suite>
</statistics>
<errors>
</errors>
</robot>
